<?xml version="1.0" encoding="UTF-8"?>
<testsuite name="LogInSystemTest" tests="1" skipped="0" failures="0" errors="0" timestamp="2022-03-31T19:01:43" hostname="DESKTOP-1NQO25I" time="3.531">
  <properties/>
  <testcase name="logIn2GovernmentRepresentatives()" classname="LogInSystemTest" time="3.531"/>
  <system-out><![CDATA[logIn2GovernmentRepresentatives()
---
]]></system-out>
  <system-err><![CDATA[]]></system-err>
</testsuite>
