<?xml version="1.0" encoding="UTF-8"?>
<testsuite name="RegisterEntertainmentProviderTest" tests="1" skipped="0" failures="0" errors="0" timestamp="2022-04-01T11:05:15" hostname="c039148.wlan.net.ed.ac.uk" time="2.655">
  <properties/>
  <testcase name="registerProvider()" classname="RegisterEntertainmentProviderTest" time="2.655"/>
  <system-out><![CDATA[registerProvider()
---
]]></system-out>
  <system-err><![CDATA[]]></system-err>
</testsuite>
