<?xml version="1.0" encoding="UTF-8"?>
<testsuite name="TestEventState" tests="10" skipped="0" failures="0" errors="0" timestamp="2022-04-10T11:08:56" hostname="DESKTOP-1NQO25I" time="5.619">
  <properties/>
  <testcase name="test find event number with event number outiwth the range of array" classname="TestEventState" time="1.315"/>
  <testcase name="Test get next performance gives event map size +1" classname="TestEventState" time="0.005"/>
  <testcase name="Test create non ticketed event" classname="TestEventState" time="0.807"/>
  <testcase name="Test get next event number gives event map size +1" classname="TestEventState" time="0.006"/>
  <testcase name="Get all events test" classname="TestEventState" time="0.002"/>
  <testcase name="test get next event number itterates correctly" classname="TestEventState" time="0.793"/>
  <testcase name="Test the ticketed event booking works" classname="TestEventState" time="0.861"/>
  <testcase name="create event performance test" classname="TestEventState" time="0.775"/>
  <testcase name="find event by event number test, testing with mutiple events" classname="TestEventState" time="0.52"/>
  <testcase name="test find event number with number on limit of the array" classname="TestEventState" time="0.513"/>
  <system-out><![CDATA[]]></system-out>
  <system-err><![CDATA[]]></system-err>
</testsuite>
