<?xml version="1.0" encoding="UTF-8"?>
<testsuite name="TestBookingState" tests="1" skipped="0" failures="0" errors="0" timestamp="2022-04-07T14:56:53" hostname="DESKTOP-1NQO25I" time="1.184">
  <properties/>
  <testcase name="addBookingsThenGetBookingsTest" classname="TestBookingState" time="1.184"/>
  <system-out><![CDATA[]]></system-out>
  <system-err><![CDATA[]]></system-err>
</testsuite>
