<?xml version="1.0" encoding="UTF-8"?>
<testsuite name="TestEventState" tests="1" skipped="0" failures="0" errors="0" timestamp="2022-04-09T12:45:56" hostname="Euans-MacBook-Pro.local" time="0.019">
  <properties/>
  <testcase name="Get all events test" classname="TestEventState" time="0.019"/>
  <system-out><![CDATA[]]></system-out>
  <system-err><![CDATA[]]></system-err>
</testsuite>
